Using pre-set license
Built from '2023.2/staging' branch; Version is '2023.2.3f1 (21747dafc6ee) revision 2192509'; Using compiler version '193431935'; Build Type 'Release'
OS: 'Windows 10  (10.0.19045) 64bit Professional' Language: 'en' Physical Memory: 16222 MB
BatchMode: 1, IsHumanControllingUs: 0, StartBugReporterOnCrash: 0, Is64bit: 1, IsPro: 1

COMMAND LINE ARGUMENTS:
C:\Program Files\Unity\Hub\Editor\2023.2.3f1\Editor\Unity.exe
-adb2
-batchMode
-noUpm
-name
AssetImportWorker4
-projectPath
C:/DEV/Witch
-logFile
Logs/AssetImportWorker4.log
-srvPort
63427
-job-worker-count
13
-background-job-worker-count
8
-asset-garbage-collectors
1
Successfully changed project path to: C:/DEV/Witch
C:/DEV/Witch
[UnityMemory] Configuration Parameters - Can be set up in boot.config
    "memorysetup-bucket-allocator-granularity=16"
    "memorysetup-bucket-allocator-bucket-count=8"
    "memorysetup-bucket-allocator-block-size=33554432"
    "memorysetup-bucket-allocator-block-count=8"
    "memorysetup-main-allocator-block-size=16777216"
    "memorysetup-thread-allocator-block-size=16777216"
    "memorysetup-gfx-main-allocator-block-size=16777216"
    "memorysetup-gfx-thread-allocator-block-size=16777216"
    "memorysetup-cache-allocator-block-size=4194304"
    "memorysetup-typetree-allocator-block-size=2097152"
    "memorysetup-profiler-bucket-allocator-granularity=16"
    "memorysetup-profiler-bucket-allocator-bucket-count=8"
    "memorysetup-profiler-bucket-allocator-block-size=33554432"
    "memorysetup-profiler-bucket-allocator-block-count=8"
    "memorysetup-profiler-allocator-block-size=16777216"
    "memorysetup-profiler-editor-allocator-block-size=1048576"
    "memorysetup-temp-allocator-size-main=16777216"
    "memorysetup-job-temp-allocator-block-size=2097152"
    "memorysetup-job-temp-allocator-block-size-background=1048576"
    "memorysetup-job-temp-allocator-reduction-small-platforms=262144"
    "memorysetup-allocator-temp-initial-block-size-main=262144"
    "memorysetup-allocator-temp-initial-block-size-worker=262144"
    "memorysetup-temp-allocator-size-background-worker=32768"
    "memorysetup-temp-allocator-size-job-worker=262144"
    "memorysetup-temp-allocator-size-preload-manager=33554432"
    "memorysetup-temp-allocator-size-nav-mesh-worker=65536"
    "memorysetup-temp-allocator-size-audio-worker=65536"
    "memorysetup-temp-allocator-size-cloud-worker=32768"
    "memorysetup-temp-allocator-size-gi-baking-worker=262144"
    "memorysetup-temp-allocator-size-gi-baking-worker=262144"
    "memorysetup-temp-allocator-size-gi-baking-worker=262144"
    "memorysetup-temp-allocator-size-gi-baking-worker=262144"
    "memorysetup-temp-allocator-size-gfx=262144"
Player connection [18204] Host "[IP] 192.168.0.107 [Port] 0 [Flags] 2 [Guid] 457154545 [EditorId] 457154545 [Version] 1048832 [Id] WindowsEditor(7,DESKTOP-E13NP4N) [Debug] 1 [PackageName] WindowsEditor [ProjectName] Editor" joined multi-casting on [225.0.0.222:54997]...
Player connection [18204] Host "[IP] 192.168.0.107 [Port] 0 [Flags] 2 [Guid] 457154545 [EditorId] 457154545 [Version] 1048832 [Id] WindowsEditor(7,DESKTOP-E13NP4N) [Debug] 1 [PackageName] WindowsEditor [ProjectName] Editor" joined alternative multi-casting on [225.0.0.222:34997]...
JobSystem: Creating JobQueue using job-worker-count value 13
[Physics::Module] Initialized MultithreadedJobDispatcher with 13 workers.
Library Redirect Path: Library/
Refreshing native plugins compatible for Editor in 7.11 ms, found 4 plugins.
Preloading 0 native plugins for Editor in 0.00 ms.
Initialize engine version: 2023.2.3f1 (21747dafc6ee)
[Subsystems] Discovering subsystems at path C:/Program Files/Unity/Hub/Editor/2023.2.3f1/Editor/Data/Resources/UnitySubsystems
[Subsystems] Discovering subsystems at path C:/DEV/Witch/Assets
GfxDevice: creating device client; kGfxThreadingModeNonThreaded
Direct3D:
    Version:         Direct3D 12 [level 12.1]
    Renderer:        NVIDIA GeForce GTX 1050 Ti (ID=0x1c82)
    Vendor:          NVIDIA
    VRAM:            4017 MB
    App VRAM Budget: 3414 MB
    Driver:          31.0.15.3623
d3d12: Profiler is enabled, but stable power state is not. GPU timing errors are expected.
Initialize mono
Mono path[0] = 'C:/Program Files/Unity/Hub/Editor/2023.2.3f1/Editor/Data/Managed'
Mono path[1] = 'C:/Program Files/Unity/Hub/Editor/2023.2.3f1/Editor/Data/MonoBleedingEdge/lib/mono/unityjit-win32'
Mono config path = 'C:/Program Files/Unity/Hub/Editor/2023.2.3f1/Editor/Data/MonoBleedingEdge/etc'
Using monoOptions --debugger-agent=transport=dt_socket,embedding=1,server=y,suspend=n,address=127.0.0.1:56968
Begin MonoManager ReloadAssembly
C:\build\output\Unity-Technologies\mono\mono\metadata\icall.c:1842:
C:\build\output\Unity-Technologies\mono\mono\metadata\icall.c:1842:
C:\build\output\Unity-Technologies\mono\mono\metadata\icall.c:1842:
C:\build\output\Unity-Technologies\mono\mono\metadata\icall.c:1842:
C:\build\output\Unity-Technologies\mono\mono\metadata\icall.c:1842:
C:\build\output\Unity-Technologies\mono\mono\metadata\icall.c:1842:
C:\build\output\Unity-Technologies\mono\mono\metadata\icall.c:1842:
C:\build\output\Unity-Technologies\mono\mono\metadata\icall.c:1842:
C:\build\output\Unity-Technologies\mono\mono\metadata\icall.c:1842:
C:\build\output\Unity-Technologies\mono\mono\metadata\icall.c:1842:
Registering precompiled unity dll's ...
Register platform support module: C:/Program Files/Unity/Hub/Editor/2023.2.3f1/Editor/Data/PlaybackEngines/WindowsStandaloneSupport/UnityEditor.WindowsStandalone.Extensions.dll
Register platform support module: C:/Program Files/Unity/Hub/Editor/2023.2.3f1/Editor/Data/PlaybackEngines/AndroidPlayer/UnityEditor.Android.Extensions.dll
Registered in 0.009927 seconds.
- Loaded All Assemblies, in  3.507 seconds
Native extension for Android target not found
Android Extension - Scanning For ADB Devices 549 ms
Native extension for WindowsStandalone target not found
Mono: successfully reloaded assembly
C:\build\output\Unity-Technologies\mono\mono\metadata\icall.c:1842:
C:\build\output\Unity-Technologies\mono\mono\metadata\icall.c:1842:
- Finished resetting the current domain, in  1.243 seconds
Domain Reload Profiling: 4746ms
	BeginReloadAssembly (1665ms)
		ExecutionOrderSort (0ms)
		DisableScriptedObjects (0ms)
		BackupInstance (0ms)
		ReleaseScriptingObjects (0ms)
		CreateAndSetChildDomain (1ms)
	RebuildCommonClasses (725ms)
	RebuildNativeTypeToScriptingClass (36ms)
	initialDomainReloadingComplete (146ms)
	LoadAllAssembliesAndSetupDomain (929ms)
		LoadAssemblies (1670ms)
		RebuildTransferFunctionScriptingTraits (0ms)
		AnalyzeDomain (913ms)
			TypeCache.Refresh (910ms)
				TypeCache.ScanAssembly (880ms)
			BuildScriptInfoCaches (0ms)
			ResolveRequiredComponents (1ms)
	FinalizeReload (1244ms)
		ReleaseScriptCaches (0ms)
		RebuildScriptCaches (0ms)
		SetupLoadedEditorAssemblies (1136ms)
			LogAssemblyErrors (0ms)
			InitializePlatformSupportModulesInManaged (752ms)
			SetLoadedEditorAssemblies (5ms)
			BeforeProcessingInitializeOnLoad (12ms)
			ProcessInitializeOnLoadAttributes (275ms)
			ProcessInitializeOnLoadMethodAttributes (92ms)
			AfterProcessingInitializeOnLoad (0ms)
			EditorAssembliesLoaded (0ms)
		ExecutionOrderSort2 (0ms)
		AwakeInstancesAfterBackupRestoration (0ms)
========================================================================
Worker process is ready to serve import requests
Import Worker Mode flag is 0x00
Begin MonoManager ReloadAssembly
C:\build\output\Unity-Technologies\mono\mono\metadata\icall.c:1842:
C:\build\output\Unity-Technologies\mono\mono\metadata\icall.c:1842:
C:\build\output\Unity-Technologies\mono\mono\metadata\icall.c:1842:
C:\build\output\Unity-Technologies\mono\mono\metadata\icall.c:1842:
C:\build\output\Unity-Technologies\mono\mono\metadata\icall.c:1842:
C:\build\output\Unity-Technologies\mono\mono\metadata\icall.c:1842:
C:\build\output\Unity-Technologies\mono\mono\metadata\icall.c:1842:
C:\build\output\Unity-Technologies\mono\mono\metadata\icall.c:1842:
C:\build\output\Unity-Technologies\mono\mono\metadata\icall.c:1842:
C:\build\output\Unity-Technologies\mono\mono\metadata\icall.c:1842:
C:\build\output\Unity-Technologies\mono\mono\metadata\icall.c:1842:
C:\build\output\Unity-Technologies\mono\mono\metadata\icall.c:1842:
Symbol file LoadedFromMemory doesn't match image C:\DEV\Witch\Library\PackageCache\com.unity.visualscripting@1.8.0\Editor\VisualScripting.Core\Dependencies\YamlDotNet\Unity.VisualScripting.YamlDotNet.dll
Symbol file LoadedFromMemory doesn't match image C:\DEV\Witch\Library\PackageCache\com.unity.visualscripting@1.8.0\Editor\VisualScripting.Core\Dependencies\DotNetZip\Unity.VisualScripting.IonicZip.dll
- Loaded All Assemblies, in  2.801 seconds
Refreshing native plugins compatible for Editor in 4.79 ms, found 4 plugins.
Native extension for Android target not found
Native extension for WindowsStandalone target not found
Mono: successfully reloaded assembly
- Finished resetting the current domain, in  1.816 seconds
Domain Reload Profiling: 4599ms
	BeginReloadAssembly (639ms)
		ExecutionOrderSort (0ms)
		DisableScriptedObjects (9ms)
		BackupInstance (0ms)
		ReleaseScriptingObjects (0ms)
		CreateAndSetChildDomain (59ms)
	RebuildCommonClasses (57ms)
	RebuildNativeTypeToScriptingClass (20ms)
	initialDomainReloadingComplete (67ms)
	LoadAllAssembliesAndSetupDomain (2000ms)
		LoadAssemblies (1497ms)
		RebuildTransferFunctionScriptingTraits (0ms)
		AnalyzeDomain (756ms)
			TypeCache.Refresh (639ms)
				TypeCache.ScanAssembly (553ms)
			BuildScriptInfoCaches (85ms)
			ResolveRequiredComponents (26ms)
	FinalizeReload (1817ms)
		ReleaseScriptCaches (0ms)
		RebuildScriptCaches (0ms)
		SetupLoadedEditorAssemblies (1225ms)
			LogAssemblyErrors (0ms)
			InitializePlatformSupportModulesInManaged (29ms)
			SetLoadedEditorAssemblies (7ms)
			BeforeProcessingInitializeOnLoad (143ms)
			ProcessInitializeOnLoadAttributes (920ms)
			ProcessInitializeOnLoadMethodAttributes (107ms)
			AfterProcessingInitializeOnLoad (17ms)
			EditorAssembliesLoaded (0ms)
		ExecutionOrderSort2 (0ms)
		AwakeInstancesAfterBackupRestoration (10ms)
Launched and connected shader compiler UnityShaderCompiler.exe after 0.02 seconds
Refreshing native plugins compatible for Editor in 1.94 ms, found 4 plugins.
Preloading 0 native plugins for Editor in 0.00 ms.
Unloading 244 Unused Serialized files (Serialized files now loaded: 0)
Unloading 7045 unused Assets / (6.9 MB). Loaded Objects now: 7771.
Memory consumption went from 220.4 MB to 213.5 MB.
Total: 16.397500 ms (FindLiveObjects: 2.572300 ms CreateObjectMapping: 1.313000 ms MarkObjects: 7.809000 ms  DeleteObjects: 4.702100 ms)

========================================================================
Received Import Request.
  Time since last request: 60967.581930 seconds.
  path: Assets/Sprites/ItemSprites/UI/ColorfulOutline.png
  artifactKey: Guid(929a0cf1e3889444fba3258bae19b0a6) Importer(815301076,1909f56bfc062723c751e8b465ee728b)
Start importing Assets/Sprites/ItemSprites/UI/ColorfulOutline.png using Guid(929a0cf1e3889444fba3258bae19b0a6) Importer(815301076,1909f56bfc062723c751e8b465ee728b) (PreviewImporter) -> (artifact id: '40f77163a8f84a72e21c3adfb18beb8f') in 0.2592447 seconds
Number of updated asset objects reloaded before import = 0Number of asset objects unloaded after import = 3

========================================================================
Received Import Request.
  Time since last request: 17.209846 seconds.
  path: Assets/Sprites/ItemSprites/UI/TransparentFadedOutline.png
  artifactKey: Guid(cbe21701b1976d943bb53b41d996efd7) Importer(815301076,1909f56bfc062723c751e8b465ee728b)
Start importing Assets/Sprites/ItemSprites/UI/TransparentFadedOutline.png using Guid(cbe21701b1976d943bb53b41d996efd7) Importer(815301076,1909f56bfc062723c751e8b465ee728b) (PreviewImporter) -> (artifact id: 'b2c1e7018c04c4f58bc67e502e3209e9') in 0.017167 seconds
Number of updated asset objects reloaded before import = 0Number of asset objects unloaded after import = 3

========================================================================
Received Import Request.
  Time since last request: 0.000211 seconds.
  path: Assets/Sprites/ItemSprites/UI/TransparentOutline.png
  artifactKey: Guid(74bb6b97b440f7f4aac219135e47c957) Importer(815301076,1909f56bfc062723c751e8b465ee728b)
Start importing Assets/Sprites/ItemSprites/UI/TransparentOutline.png using Guid(74bb6b97b440f7f4aac219135e47c957) Importer(815301076,1909f56bfc062723c751e8b465ee728b) (PreviewImporter) -> (artifact id: '17cf327cc385be7374f9fa1c27296989') in 0.0326598 seconds
Number of updated asset objects reloaded before import = 0Number of asset objects unloaded after import = 3

========================================================================
Received Import Request.
  Time since last request: 18.586062 seconds.
  path: Assets/Sprites/ItemSprites/Enemy/Monster.png
  artifactKey: Guid(20f302cd97e241345a3bc67bdd8ab6e4) Importer(815301076,1909f56bfc062723c751e8b465ee728b)
Start importing Assets/Sprites/ItemSprites/Enemy/Monster.png using Guid(20f302cd97e241345a3bc67bdd8ab6e4) Importer(815301076,1909f56bfc062723c751e8b465ee728b) (PreviewImporter) -> (artifact id: '63d5342b6f2349ac3be19e2bf294b721') in 0.0177187 seconds
Number of updated asset objects reloaded before import = 0Number of asset objects unloaded after import = 3

========================================================================
Received Import Request.
  Time since last request: 16.527239 seconds.
  path: Assets/Sprites/ItemSprites/UI/ColorfulOutline.png
  artifactKey: Guid(929a0cf1e3889444fba3258bae19b0a6) Importer(815301076,1909f56bfc062723c751e8b465ee728b)
Start importing Assets/Sprites/ItemSprites/UI/ColorfulOutline.png using Guid(929a0cf1e3889444fba3258bae19b0a6) Importer(815301076,1909f56bfc062723c751e8b465ee728b) (PreviewImporter) -> (artifact id: 'cf7268ee48f1ea58ec45dc786b9e116d') in 0.020391 seconds
Number of updated asset objects reloaded before import = 0Number of asset objects unloaded after import = 3

========================================================================
Received Import Request.
  Time since last request: 8.596276 seconds.
  path: Assets/Sprites/ItemSprites/UI/MaskableOutline.png
  artifactKey: Guid(0b1a409f828671141b3f1f5e50b51104) Importer(815301076,1909f56bfc062723c751e8b465ee728b)
Start importing Assets/Sprites/ItemSprites/UI/MaskableOutline.png using Guid(0b1a409f828671141b3f1f5e50b51104) Importer(815301076,1909f56bfc062723c751e8b465ee728b) (PreviewImporter) -> (artifact id: 'b5a70537172218ddcf35da72845014b0') in 0.0126576 seconds
Number of updated asset objects reloaded before import = 0Number of asset objects unloaded after import = 3

========================================================================
Received Import Request.
  Time since last request: 8.058635 seconds.
  path: Assets/Sprites/ItemSprites/UI/TransparentFadedOutline.png
  artifactKey: Guid(cbe21701b1976d943bb53b41d996efd7) Importer(815301076,1909f56bfc062723c751e8b465ee728b)
Start importing Assets/Sprites/ItemSprites/UI/TransparentFadedOutline.png using Guid(cbe21701b1976d943bb53b41d996efd7) Importer(815301076,1909f56bfc062723c751e8b465ee728b) (PreviewImporter) -> (artifact id: '419e864acd2dac701ae3e82025231e42') in 0.0145323 seconds
Number of updated asset objects reloaded before import = 0Number of asset objects unloaded after import = 3

========================================================================
Received Import Request.
  Time since last request: 5.863413 seconds.
  path: Assets/Sprites/ItemSprites/UI/TransparentOutline.png
  artifactKey: Guid(74bb6b97b440f7f4aac219135e47c957) Importer(815301076,1909f56bfc062723c751e8b465ee728b)
Start importing Assets/Sprites/ItemSprites/UI/TransparentOutline.png using Guid(74bb6b97b440f7f4aac219135e47c957) Importer(815301076,1909f56bfc062723c751e8b465ee728b) (PreviewImporter) -> (artifact id: 'f18b7bf46b7e0162c89100a754a13c25') in 0.0132397 seconds
Number of updated asset objects reloaded before import = 0Number of asset objects unloaded after import = 3

========================================================================
Received Import Request.
  Time since last request: 62.916627 seconds.
  path: Assets/Sprites/ItemSprites/UI/MaskableOutline.png
  artifactKey: Guid(0b1a409f828671141b3f1f5e50b51104) Importer(815301076,1909f56bfc062723c751e8b465ee728b)
Start importing Assets/Sprites/ItemSprites/UI/MaskableOutline.png using Guid(0b1a409f828671141b3f1f5e50b51104) Importer(815301076,1909f56bfc062723c751e8b465ee728b) (PreviewImporter) -> (artifact id: 'c21da12d842b382f32ba8b4dbf684e15') in 0.0148619 seconds
Number of updated asset objects reloaded before import = 0Number of asset objects unloaded after import = 3

========================================================================
Received Import Request.
  Time since last request: 6.987199 seconds.
  path: Assets/Sprites/ItemSprites/UI/MaskableOutline.png
  artifactKey: Guid(0b1a409f828671141b3f1f5e50b51104) Importer(815301076,1909f56bfc062723c751e8b465ee728b)
Start importing Assets/Sprites/ItemSprites/UI/MaskableOutline.png using Guid(0b1a409f828671141b3f1f5e50b51104) Importer(815301076,1909f56bfc062723c751e8b465ee728b) (PreviewImporter) -> (artifact id: '03e28dc7a7d34981ee156206e7d552ff') in 0.0111915 seconds
Number of updated asset objects reloaded before import = 0Number of asset objects unloaded after import = 3

========================================================================
Received Import Request.
  Time since last request: 4.513743 seconds.
  path: Assets/Sprites/ItemSprites/UI/MaskableOutline.png
  artifactKey: Guid(0b1a409f828671141b3f1f5e50b51104) Importer(815301076,1909f56bfc062723c751e8b465ee728b)
Start importing Assets/Sprites/ItemSprites/UI/MaskableOutline.png using Guid(0b1a409f828671141b3f1f5e50b51104) Importer(815301076,1909f56bfc062723c751e8b465ee728b) (PreviewImporter) -> (artifact id: 'be817cc884e2d9dbc8bfa3ee65b88f2c') in 0.0140433 seconds
Number of updated asset objects reloaded before import = 0Number of asset objects unloaded after import = 3

========================================================================
Received Import Request.
  Time since last request: 5.266859 seconds.
  path: Assets/Sprites/ItemSprites/UI/MaskableOutline.png
  artifactKey: Guid(0b1a409f828671141b3f1f5e50b51104) Importer(815301076,1909f56bfc062723c751e8b465ee728b)
Start importing Assets/Sprites/ItemSprites/UI/MaskableOutline.png using Guid(0b1a409f828671141b3f1f5e50b51104) Importer(815301076,1909f56bfc062723c751e8b465ee728b) (PreviewImporter) -> (artifact id: '30ec5c8409e7f7485c0dce9ad6515393') in 0.0149626 seconds
Number of updated asset objects reloaded before import = 0Number of asset objects unloaded after import = 3

========================================================================
Received Import Request.
  Time since last request: 3.731620 seconds.
  path: Assets/Sprites/ItemSprites/UI/MaskableOutline.png
  artifactKey: Guid(0b1a409f828671141b3f1f5e50b51104) Importer(815301076,1909f56bfc062723c751e8b465ee728b)
Start importing Assets/Sprites/ItemSprites/UI/MaskableOutline.png using Guid(0b1a409f828671141b3f1f5e50b51104) Importer(815301076,1909f56bfc062723c751e8b465ee728b) (PreviewImporter) -> (artifact id: '9962d3f86983fec0bee80c94d2d04da6') in 0.012584 seconds
Number of updated asset objects reloaded before import = 0Number of asset objects unloaded after import = 3

========================================================================
Received Import Request.
  Time since last request: 13.341023 seconds.
  path: Assets/Sprites/ItemSprites/UI/MaskableOutline.png
  artifactKey: Guid(0b1a409f828671141b3f1f5e50b51104) Importer(815301076,1909f56bfc062723c751e8b465ee728b)
Start importing Assets/Sprites/ItemSprites/UI/MaskableOutline.png using Guid(0b1a409f828671141b3f1f5e50b51104) Importer(815301076,1909f56bfc062723c751e8b465ee728b) (PreviewImporter) -> (artifact id: '99636d361a939326416964e50e75e6fd') in 0.014278 seconds
Number of updated asset objects reloaded before import = 0Number of asset objects unloaded after import = 3

========================================================================
Received Import Request.
  Time since last request: 11.100571 seconds.
  path: Assets/Sprites/ItemSprites/UI/MaskableOutline.png
  artifactKey: Guid(0b1a409f828671141b3f1f5e50b51104) Importer(815301076,1909f56bfc062723c751e8b465ee728b)
Start importing Assets/Sprites/ItemSprites/UI/MaskableOutline.png using Guid(0b1a409f828671141b3f1f5e50b51104) Importer(815301076,1909f56bfc062723c751e8b465ee728b) (PreviewImporter) -> (artifact id: 'fef40ae375e16ee0870d47e474d64522') in 0.0172836 seconds
Number of updated asset objects reloaded before import = 0Number of asset objects unloaded after import = 3

========================================================================
Received Import Request.
  Time since last request: 8.749828 seconds.
  path: Assets/Sprites/ItemSprites/UI/MaskableOutline.png
  artifactKey: Guid(0b1a409f828671141b3f1f5e50b51104) Importer(815301076,1909f56bfc062723c751e8b465ee728b)
Start importing Assets/Sprites/ItemSprites/UI/MaskableOutline.png using Guid(0b1a409f828671141b3f1f5e50b51104) Importer(815301076,1909f56bfc062723c751e8b465ee728b) (PreviewImporter) -> (artifact id: '0b152ed063a034379119e5820b0ed3c9') in 0.0167884 seconds
Number of updated asset objects reloaded before import = 0Number of asset objects unloaded after import = 3

========================================================================
Received Import Request.
  Time since last request: 7.611950 seconds.
  path: Assets/Sprites/ItemSprites/UI/MaskableOutline.png
  artifactKey: Guid(0b1a409f828671141b3f1f5e50b51104) Importer(815301076,1909f56bfc062723c751e8b465ee728b)
Start importing Assets/Sprites/ItemSprites/UI/MaskableOutline.png using Guid(0b1a409f828671141b3f1f5e50b51104) Importer(815301076,1909f56bfc062723c751e8b465ee728b) (PreviewImporter) -> (artifact id: 'edc13e755f3802a73452b3299d8c16c2') in 0.0176071 seconds
Number of updated asset objects reloaded before import = 0Number of asset objects unloaded after import = 3

========================================================================
Received Import Request.
  Time since last request: 111.667326 seconds.
  path: Assets/Sprites/ItemSprites/UI/MaskableOutline.png
  artifactKey: Guid(0b1a409f828671141b3f1f5e50b51104) Importer(815301076,1909f56bfc062723c751e8b465ee728b)
Start importing Assets/Sprites/ItemSprites/UI/MaskableOutline.png using Guid(0b1a409f828671141b3f1f5e50b51104) Importer(815301076,1909f56bfc062723c751e8b465ee728b) (PreviewImporter) -> (artifact id: '93dcea8aaae260baaaa3ef7de57c34ea') in 0.0165341 seconds
Number of updated asset objects reloaded before import = 0Number of asset objects unloaded after import = 3

========================================================================
Received Prepare
Refreshing native plugins compatible for Editor in 2.15 ms, found 4 plugins.
Preloading 0 native plugins for Editor in 0.00 ms.
Unloading 34 Unused Serialized files (Serialized files now loaded: 0)
Unloading 7034 unused Assets / (6.8 MB). Loaded Objects now: 7783.
Memory consumption went from 182.8 MB to 176.0 MB.
Total: 19.388100 ms (FindLiveObjects: 1.240100 ms CreateObjectMapping: 0.962600 ms MarkObjects: 12.244200 ms  DeleteObjects: 4.938500 ms)

Prepare: number of updated asset objects reloaded= 0
========================================================================
Received Prepare
Begin MonoManager ReloadAssembly
C:\build\output\Unity-Technologies\mono\mono\metadata\icall.c:1842:
C:\build\output\Unity-Technologies\mono\mono\metadata\icall.c:1842:
C:\build\output\Unity-Technologies\mono\mono\metadata\icall.c:1842:
C:\build\output\Unity-Technologies\mono\mono\metadata\icall.c:1842:
C:\build\output\Unity-Technologies\mono\mono\metadata\icall.c:1842:
C:\build\output\Unity-Technologies\mono\mono\metadata\icall.c:1842:
C:\build\output\Unity-Technologies\mono\mono\metadata\icall.c:1842:
C:\build\output\Unity-Technologies\mono\mono\metadata\icall.c:1842:
C:\build\output\Unity-Technologies\mono\mono\metadata\icall.c:1842:
C:\build\output\Unity-Technologies\mono\mono\metadata\icall.c:1842:
C:\build\output\Unity-Technologies\mono\mono\metadata\icall.c:1842:
C:\build\output\Unity-Technologies\mono\mono\metadata\icall.c:1842:
Symbol file LoadedFromMemory doesn't match image C:\DEV\Witch\Library\PackageCache\com.unity.visualscripting@1.8.0\Editor\VisualScripting.Core\Dependencies\YamlDotNet\Unity.VisualScripting.YamlDotNet.dll
Symbol file LoadedFromMemory doesn't match image C:\DEV\Witch\Library\PackageCache\com.unity.visualscripting@1.8.0\Editor\VisualScripting.Core\Dependencies\DotNetZip\Unity.VisualScripting.IonicZip.dll
- Loaded All Assemblies, in  1.447 seconds
Refreshing native plugins compatible for Editor in 1.86 ms, found 4 plugins.
Native extension for Android target not found
Native extension for WindowsStandalone target not found
Mono: successfully reloaded assembly
- Finished resetting the current domain, in  1.560 seconds
Domain Reload Profiling: 3004ms
	BeginReloadAssembly (373ms)
		ExecutionOrderSort (0ms)
		DisableScriptedObjects (20ms)
		BackupInstance (0ms)
		ReleaseScriptingObjects (0ms)
		CreateAndSetChildDomain (109ms)
	RebuildCommonClasses (75ms)
	RebuildNativeTypeToScriptingClass (29ms)
	initialDomainReloadingComplete (54ms)
	LoadAllAssembliesAndSetupDomain (913ms)
		LoadAssemblies (771ms)
		RebuildTransferFunctionScriptingTraits (0ms)
		AnalyzeDomain (320ms)
			TypeCache.Refresh (19ms)
				TypeCache.ScanAssembly (3ms)
			BuildScriptInfoCaches (271ms)
			ResolveRequiredComponents (24ms)
	FinalizeReload (1561ms)
		ReleaseScriptCaches (0ms)
		RebuildScriptCaches (0ms)
		SetupLoadedEditorAssemblies (1172ms)
			LogAssemblyErrors (0ms)
			InitializePlatformSupportModulesInManaged (27ms)
			SetLoadedEditorAssemblies (10ms)
			BeforeProcessingInitializeOnLoad (145ms)
			ProcessInitializeOnLoadAttributes (893ms)
			ProcessInitializeOnLoadMethodAttributes (84ms)
			AfterProcessingInitializeOnLoad (13ms)
			EditorAssembliesLoaded (0ms)
		ExecutionOrderSort2 (0ms)
		AwakeInstancesAfterBackupRestoration (20ms)
Refreshing native plugins compatible for Editor in 4.08 ms, found 4 plugins.
Preloading 0 native plugins for Editor in 0.00 ms.
Unloading 35 Unused Serialized files (Serialized files now loaded: 0)
Unloading 7043 unused Assets / (5.7 MB). Loaded Objects now: 7784.
Memory consumption went from 190.3 MB to 184.6 MB.
Total: 18.472300 ms (FindLiveObjects: 1.980300 ms CreateObjectMapping: 1.821800 ms MarkObjects: 10.843700 ms  DeleteObjects: 3.824400 ms)

Prepare: number of updated asset objects reloaded= 0
========================================================================
Received Import Request.
  Time since last request: 552.342836 seconds.
  path: Assets/Sprites/items/npc_elf_2.png
  artifactKey: Guid(9da323fc7aada564cb9161f11d949028) Importer(815301076,1909f56bfc062723c751e8b465ee728b)
Start importing Assets/Sprites/items/npc_elf_2.png using Guid(9da323fc7aada564cb9161f11d949028) Importer(815301076,1909f56bfc062723c751e8b465ee728b) (PreviewImporter) -> (artifact id: 'd9424da53010d3f9baf738c0d51c5c6a') in 0.1235945 seconds
Number of updated asset objects reloaded before import = 0Number of asset objects unloaded after import = 3

========================================================================
Received Import Request.
  Time since last request: 0.000044 seconds.
  path: Assets/Sprites/2D Pixel Dungeon Asset Pack/items and trap_animation/peaks/peaks_1.png
  artifactKey: Guid(6c5d0274c38ebc345ae324493744c985) Importer(815301076,1909f56bfc062723c751e8b465ee728b)
Start importing Assets/Sprites/2D Pixel Dungeon Asset Pack/items and trap_animation/peaks/peaks_1.png using Guid(6c5d0274c38ebc345ae324493744c985) Importer(815301076,1909f56bfc062723c751e8b465ee728b) (PreviewImporter) -> (artifact id: '7a25dbbeac457ae1f16ac2b0aeddb132') in 0.121482 seconds
Number of updated asset objects reloaded before import = 0Number of asset objects unloaded after import = 3

========================================================================
Received Import Request.
  Time since last request: 0.000061 seconds.
  path: Assets/Sprites/items/npc_paladin.png
  artifactKey: Guid(2230ebe45f165c24b857d9ca781c76a5) Importer(815301076,1909f56bfc062723c751e8b465ee728b)
Start importing Assets/Sprites/items/npc_paladin.png using Guid(2230ebe45f165c24b857d9ca781c76a5) Importer(815301076,1909f56bfc062723c751e8b465ee728b) (PreviewImporter) -> (artifact id: 'bdefd9d299366f04eff7b59cd00600ac') in 0.0182528 seconds
Number of updated asset objects reloaded before import = 0Number of asset objects unloaded after import = 3

========================================================================
Received Import Request.
  Time since last request: 0.000061 seconds.
  path: Assets/Sprites/items/Pit_nw.png
  artifactKey: Guid(d8a64a51fd50eac49ab81afba299b91b) Importer(815301076,1909f56bfc062723c751e8b465ee728b)
Start importing Assets/Sprites/items/Pit_nw.png using Guid(d8a64a51fd50eac49ab81afba299b91b) Importer(815301076,1909f56bfc062723c751e8b465ee728b) (PreviewImporter) -> (artifact id: '983e00ca7fa03a3b7c8661c50c79ee0f') in 0.0180688 seconds
Number of updated asset objects reloaded before import = 0Number of asset objects unloaded after import = 3

========================================================================
Received Import Request.
  Time since last request: 0.000049 seconds.
  path: Assets/Sprites/items/npc_wizzard.png
  artifactKey: Guid(dd967fb9cf7466e4c8cb5a45c5ff0c05) Importer(815301076,1909f56bfc062723c751e8b465ee728b)
Start importing Assets/Sprites/items/npc_wizzard.png using Guid(dd967fb9cf7466e4c8cb5a45c5ff0c05) Importer(815301076,1909f56bfc062723c751e8b465ee728b) (PreviewImporter) -> (artifact id: '11a9d5031401127a7dfe09f23c3f1a08') in 0.0130925 seconds
Number of updated asset objects reloaded before import = 0Number of asset objects unloaded after import = 3

========================================================================
Received Import Request.
  Time since last request: 0.000023 seconds.
  path: Assets/Sprites/2D Pixel Dungeon Asset Pack/items and trap_animation/peaks/peaks_4.png
  artifactKey: Guid(f7bdea8f2cfe10c41a73e5de06e96594) Importer(815301076,1909f56bfc062723c751e8b465ee728b)
Start importing Assets/Sprites/2D Pixel Dungeon Asset Pack/items and trap_animation/peaks/peaks_4.png using Guid(f7bdea8f2cfe10c41a73e5de06e96594) Importer(815301076,1909f56bfc062723c751e8b465ee728b) (PreviewImporter) -> (artifact id: '2428458533146d56c41eb032d008b258') in 0.0257391 seconds
Number of updated asset objects reloaded before import = 0Number of asset objects unloaded after import = 3

========================================================================
Received Import Request.
  Time since last request: 0.000022 seconds.
  path: Assets/Sprites/2D Pixel Dungeon Asset Pack/items and trap_animation/peaks/peaks_2.png
  artifactKey: Guid(3f2e25c680a63584abfdb19dfa3df1dd) Importer(815301076,1909f56bfc062723c751e8b465ee728b)
Start importing Assets/Sprites/2D Pixel Dungeon Asset Pack/items and trap_animation/peaks/peaks_2.png using Guid(3f2e25c680a63584abfdb19dfa3df1dd) Importer(815301076,1909f56bfc062723c751e8b465ee728b) (PreviewImporter) -> (artifact id: '078bafec5530cbc963e57a37fa4ce430') in 0.0176883 seconds
Number of updated asset objects reloaded before import = 0Number of asset objects unloaded after import = 3

========================================================================
Received Import Request.
  Time since last request: 0.000021 seconds.
  path: Assets/Sprites/items/npc_sage.png
  artifactKey: Guid(5f7fd19085345b24a9f2510f3eb0ef6c) Importer(815301076,1909f56bfc062723c751e8b465ee728b)
Start importing Assets/Sprites/items/npc_sage.png using Guid(5f7fd19085345b24a9f2510f3eb0ef6c) Importer(815301076,1909f56bfc062723c751e8b465ee728b) (PreviewImporter) -> (artifact id: '6f9e9119b958c9bf548e068dc515955d') in 0.0233 seconds
Number of updated asset objects reloaded before import = 0Number of asset objects unloaded after import = 3

========================================================================
Received Import Request.
  Time since last request: 0.000028 seconds.
  path: Assets/Sprites/items/Pit_ne.png
  artifactKey: Guid(8f60da34c6ed374499a3a1fd4e23a019) Importer(815301076,1909f56bfc062723c751e8b465ee728b)
Start importing Assets/Sprites/items/Pit_ne.png using Guid(8f60da34c6ed374499a3a1fd4e23a019) Importer(815301076,1909f56bfc062723c751e8b465ee728b) (PreviewImporter) -> (artifact id: '88090b211b0b7356ea345343370aafb7') in 0.0210746 seconds
Number of updated asset objects reloaded before import = 0Number of asset objects unloaded after import = 3

========================================================================
Received Import Request.
  Time since last request: 0.000035 seconds.
  path: Assets/Sprites/items/Pit_s.png
  artifactKey: Guid(48bded5b814aac44c93cbb2ebd3c20ee) Importer(815301076,1909f56bfc062723c751e8b465ee728b)
Start importing Assets/Sprites/items/Pit_s.png using Guid(48bded5b814aac44c93cbb2ebd3c20ee) Importer(815301076,1909f56bfc062723c751e8b465ee728b) (PreviewImporter) -> (artifact id: '6fed2ac0d59cea9929804a3195394cd0') in 0.0146036 seconds
Number of updated asset objects reloaded before import = 0Number of asset objects unloaded after import = 3

========================================================================
Received Import Request.
  Time since last request: 0.000032 seconds.
  path: Assets/Sprites/items/npc_merchant.png
  artifactKey: Guid(fa354621fc74bb64f9224c1382dd1745) Importer(815301076,1909f56bfc062723c751e8b465ee728b)
Start importing Assets/Sprites/items/npc_merchant.png using Guid(fa354621fc74bb64f9224c1382dd1745) Importer(815301076,1909f56bfc062723c751e8b465ee728b) (PreviewImporter) -> (artifact id: '85deae02491a5147bb9241f97bd8019b') in 0.0163554 seconds
Number of updated asset objects reloaded before import = 0Number of asset objects unloaded after import = 3

========================================================================
Received Import Request.
  Time since last request: 2.736121 seconds.
  path: Assets/Sprites/items/monster_orc_masked.png
  artifactKey: Guid(84892dd04f4df3141b274df3f1325c69) Importer(815301076,1909f56bfc062723c751e8b465ee728b)
Start importing Assets/Sprites/items/monster_orc_masked.png using Guid(84892dd04f4df3141b274df3f1325c69) Importer(815301076,1909f56bfc062723c751e8b465ee728b) (PreviewImporter) -> (artifact id: '06096a5fff8d3db8f43f9a213a2e8f48') in 0.0223988 seconds
Number of updated asset objects reloaded before import = 0Number of asset objects unloaded after import = 3

========================================================================
Received Import Request.
  Time since last request: 35.429841 seconds.
  path: Assets/Sprites/items/Wall_outer_e.png
  artifactKey: Guid(41a7a31e66f554348a0b12b53ab2b446) Importer(815301076,1909f56bfc062723c751e8b465ee728b)
Start importing Assets/Sprites/items/Wall_outer_e.png using Guid(41a7a31e66f554348a0b12b53ab2b446) Importer(815301076,1909f56bfc062723c751e8b465ee728b) (PreviewImporter) -> (artifact id: '9e3d30b7c58c95c93661dff1f5054996') in 0.0201472 seconds
Number of updated asset objects reloaded before import = 0Number of asset objects unloaded after import = 3

========================================================================
Received Import Request.
  Time since last request: 0.000243 seconds.
  path: Assets/Sprites/items/weapon_bomb.png
  artifactKey: Guid(7edc9c3757bb0144b957b926ecbdaa6a) Importer(815301076,1909f56bfc062723c751e8b465ee728b)
Start importing Assets/Sprites/items/weapon_bomb.png using Guid(7edc9c3757bb0144b957b926ecbdaa6a) Importer(815301076,1909f56bfc062723c751e8b465ee728b) (PreviewImporter) -> (artifact id: '97cad97fc1573d7672d7e66aa941548f') in 0.0213104 seconds
Number of updated asset objects reloaded before import = 0Number of asset objects unloaded after import = 3

========================================================================
Received Import Request.
  Time since last request: 0.000047 seconds.
  path: Assets/Sprites/items/weapon_dagger_long.png
  artifactKey: Guid(f7e2536df20b6bb488665bac0e054202) Importer(815301076,1909f56bfc062723c751e8b465ee728b)
Start importing Assets/Sprites/items/weapon_dagger_long.png using Guid(f7e2536df20b6bb488665bac0e054202) Importer(815301076,1909f56bfc062723c751e8b465ee728b) (PreviewImporter) -> (artifact id: 'bfd6fd5c291b928a62fdbafd9ae4fc4a') in 0.0156655 seconds
Number of updated asset objects reloaded before import = 0Number of asset objects unloaded after import = 3

========================================================================
Received Import Request.
  Time since last request: 0.000023 seconds.
  path: Assets/Sprites/items/Wall_outline_left.png
  artifactKey: Guid(506c451013e0ec54086f775ad93feb02) Importer(815301076,1909f56bfc062723c751e8b465ee728b)
Start importing Assets/Sprites/items/Wall_outline_left.png using Guid(506c451013e0ec54086f775ad93feb02) Importer(815301076,1909f56bfc062723c751e8b465ee728b) (PreviewImporter) -> (artifact id: '1b2f85fc0280a625cc4284cf9b0a6485') in 0.0175312 seconds
Number of updated asset objects reloaded before import = 0Number of asset objects unloaded after import = 3

========================================================================
Received Import Request.
  Time since last request: 0.000025 seconds.
  path: Assets/Sprites/items/Wall_outline_right.png
  artifactKey: Guid(2b17f6a9f4e575e489944751d354bd29) Importer(815301076,1909f56bfc062723c751e8b465ee728b)
Start importing Assets/Sprites/items/Wall_outline_right.png using Guid(2b17f6a9f4e575e489944751d354bd29) Importer(815301076,1909f56bfc062723c751e8b465ee728b) (PreviewImporter) -> (artifact id: 'ca48fca49be41c6f4a971af21d52f75c') in 0.0144601 seconds
Number of updated asset objects reloaded before import = 0Number of asset objects unloaded after import = 3

========================================================================
Received Import Request.
  Time since last request: 0.000022 seconds.
  path: Assets/Sprites/items/weapon_dagger_small.png
  artifactKey: Guid(00af1d12f72ff8c46a9fc2826c9c813e) Importer(815301076,1909f56bfc062723c751e8b465ee728b)
Start importing Assets/Sprites/items/weapon_dagger_small.png using Guid(00af1d12f72ff8c46a9fc2826c9c813e) Importer(815301076,1909f56bfc062723c751e8b465ee728b) (PreviewImporter) -> (artifact id: '02a0ff72b9947048bf6dae55317e2fb6') in 0.0201489 seconds
Number of updated asset objects reloaded before import = 0Number of asset objects unloaded after import = 3

========================================================================
Received Import Request.
  Time since last request: 0.000023 seconds.
  path: Assets/Sprites/items/weapon_dagger_silver.png
  artifactKey: Guid(847823612bdc7964faf0ca49a834bd24) Importer(815301076,1909f56bfc062723c751e8b465ee728b)
Start importing Assets/Sprites/items/weapon_dagger_silver.png using Guid(847823612bdc7964faf0ca49a834bd24) Importer(815301076,1909f56bfc062723c751e8b465ee728b) (PreviewImporter) -> (artifact id: 'f0edeaf09620236cc1f2e29a6852919b') in 0.0174915 seconds
Number of updated asset objects reloaded before import = 0Number of asset objects unloaded after import = 3

========================================================================
Received Import Request.
  Time since last request: 0.146963 seconds.
  path: Assets/Sprites/items/Wall_outer_e2.png
  artifactKey: Guid(c8ecee46347445941a7682339a9ef96c) Importer(815301076,1909f56bfc062723c751e8b465ee728b)
Start importing Assets/Sprites/items/Wall_outer_e2.png using Guid(c8ecee46347445941a7682339a9ef96c) Importer(815301076,1909f56bfc062723c751e8b465ee728b) (PreviewImporter) -> (artifact id: '78440ee27b249551fc02dd64f13af93e') in 0.0148162 seconds
Number of updated asset objects reloaded before import = 0Number of asset objects unloaded after import = 3

========================================================================
Received Import Request.
  Time since last request: 26.901833 seconds.
  path: Assets/Sprites/ItemSprites/UI/TransparentFadedOutline.png
  artifactKey: Guid(cbe21701b1976d943bb53b41d996efd7) Importer(815301076,1909f56bfc062723c751e8b465ee728b)
Start importing Assets/Sprites/ItemSprites/UI/TransparentFadedOutline.png using Guid(cbe21701b1976d943bb53b41d996efd7) Importer(815301076,1909f56bfc062723c751e8b465ee728b) (PreviewImporter) -> (artifact id: 'c54a4ddb44460f1cd1d75cb4d9381d36') in 0.0139378 seconds
Number of updated asset objects reloaded before import = 0Number of asset objects unloaded after import = 3

========================================================================
Received Import Request.
  Time since last request: 0.013731 seconds.
  path: Assets/Sprites/ItemSprites/UI/ColorfulOutline.png
  artifactKey: Guid(929a0cf1e3889444fba3258bae19b0a6) Importer(815301076,1909f56bfc062723c751e8b465ee728b)
Start importing Assets/Sprites/ItemSprites/UI/ColorfulOutline.png using Guid(929a0cf1e3889444fba3258bae19b0a6) Importer(815301076,1909f56bfc062723c751e8b465ee728b) (PreviewImporter) -> (artifact id: '0ed899459d7c515b30464d467244e06e') in 0.0157691 seconds
Number of updated asset objects reloaded before import = 0Number of asset objects unloaded after import = 3

========================================================================
Received Import Request.
  Time since last request: 47.341551 seconds.
  path: Assets/Fonts/GOPinchPixel/GOPinch-Pixel SDF.asset
  artifactKey: Guid(ad6305b534bad8146975d33ee330c158) Importer(815301076,1909f56bfc062723c751e8b465ee728b)
Start importing Assets/Fonts/GOPinchPixel/GOPinch-Pixel SDF.asset using Guid(ad6305b534bad8146975d33ee330c158) Importer(815301076,1909f56bfc062723c751e8b465ee728b) (PreviewImporter) -> (artifact id: 'c4827cb4576cc74147e41c30ec277bfb') in 0.7284803 seconds
Number of updated asset objects reloaded before import = 0Number of asset objects unloaded after import = 36

========================================================================
Received Import Request.
  Time since last request: 0.000057 seconds.
  path: Assets/Fonts/Kaleidoscorpse/Groupie-Kaleidoscorpse SDF.asset
  artifactKey: Guid(91cf89c23b35b1f4fbafa09a5d07c308) Importer(815301076,1909f56bfc062723c751e8b465ee728b)
Start importing Assets/Fonts/Kaleidoscorpse/Groupie-Kaleidoscorpse SDF.asset using Guid(91cf89c23b35b1f4fbafa09a5d07c308) Importer(815301076,1909f56bfc062723c751e8b465ee728b) (PreviewImporter) -> (artifact id: '6e2189b594e6c548d4381ac984249893') in 0.0390428 seconds
Number of updated asset objects reloaded before import = 0Number of asset objects unloaded after import = 25

========================================================================
Received Import Request.
  Time since last request: 0.000045 seconds.
  path: Assets/Fonts/Withered/withered SDF.asset
  artifactKey: Guid(e6f0ba68e29b9ed48beeceb29697b184) Importer(815301076,1909f56bfc062723c751e8b465ee728b)
Start importing Assets/Fonts/Withered/withered SDF.asset using Guid(e6f0ba68e29b9ed48beeceb29697b184) Importer(815301076,1909f56bfc062723c751e8b465ee728b) (PreviewImporter) -> (artifact id: '9948da951653ca913efcde5c67778a8e') in 0.0387848 seconds
Number of updated asset objects reloaded before import = 0Number of asset objects unloaded after import = 25

========================================================================
Received Import Request.
  Time since last request: 0.000032 seconds.
  path: Assets/Fonts/Polymorphea/Groupie-Polymorphea SDF.asset
  artifactKey: Guid(8cceafc9347d6c34ea93ad7ff745a8a7) Importer(815301076,1909f56bfc062723c751e8b465ee728b)
Start importing Assets/Fonts/Polymorphea/Groupie-Polymorphea SDF.asset using Guid(8cceafc9347d6c34ea93ad7ff745a8a7) Importer(815301076,1909f56bfc062723c751e8b465ee728b) (PreviewImporter) -> (artifact id: '83103e582cad8a08245463c94344d21f') in 0.0338734 seconds
Number of updated asset objects reloaded before import = 0Number of asset objects unloaded after import = 25

========================================================================
Received Import Request.
  Time since last request: 0.000032 seconds.
  path: Assets/Fonts/Pixelcastle/Pixelcastle-Regular SDF.asset
  artifactKey: Guid(2f7ae54ff72720d479ba0976a18f0698) Importer(815301076,1909f56bfc062723c751e8b465ee728b)
Start importing Assets/Fonts/Pixelcastle/Pixelcastle-Regular SDF.asset using Guid(2f7ae54ff72720d479ba0976a18f0698) Importer(815301076,1909f56bfc062723c751e8b465ee728b) (PreviewImporter) -> (artifact id: '90c0de04f63b66774f37bb4fb8e8437b') in 0.0392006 seconds
Number of updated asset objects reloaded before import = 0Number of asset objects unloaded after import = 25

Editor requested this worker to shutdown with reason: Scaling down because of idle timeout
AssetImportWorker is now disconnected from the server
Process exiting
Exiting without the bug reporter. Application will terminate with return code 0